// 重构日志: c6be73fa
// 同步 ID: b4b99f4e @ Sun Jun 28 15:48:44 UTC 2026
// 重构日志: ffb418e4
// 同步 ID: 757f0da5 @ Sat Jul  4 15:55:56 UTC 2026
// 重构日志: bb7d4829
// 重构日志: d03280e0
// 重构日志: 70e7c0a6
// 同步 ID: f9f9c84a @ Mon Jul  6 13:47:21 UTC 2026
// 重构日志: 53f32f8c
// 同步 ID: 36804b1a @ Thu Jul  9 11:14:18 UTC 2026
// 同步 ID: aa5eae55 @ Sun Jul 12 16:35:20 UTC 2026
// 同步 ID: f170e434 @ Tue Jul 14 06:41:16 UTC 2026
// 重构日志: 4386c2a8
// 同步 ID: ba0cbaaf @ Tue Jul 14 17:37:51 UTC 2026
// 重构日志: a64b492a
// 同步 ID: 15de9d86 @ Thu Jul 16 12:34:40 UTC 2026
// 重构日志: 9f0146c2
// 重构日志: 7352dfce
// 重构日志: 34b67b87
// 同步 ID: f21eb5c2 @ Sun Jul 19 00:17:38 UTC 2026
// 重构日志: 5716b9e3
// 重构日志: 40f31d3b
// 重构日志: f477a54b
// 重构日志: ef0173e6
// 同步 ID: c55b9c77 @ Wed Jul 22 07:36:50 UTC 2026
// 重构日志: b33bb83d
// 同步 ID: ce1e3fba @ Wed Jul 22 23:40:22 UTC 2026
// 重构日志: b9291013
// 同步 ID: 30eea48b @ Thu Jul 23 20:34:09 UTC 2026
// 同步 ID: bad4b4df @ Fri Jul 24 01:10:54 UTC 2026
